GROUP,PACKAGE,CLASS,INSTRUCTION_MISSED,INSTRUCTION_COVERED,BRANCH_MISSED,BRANCH_COVERED,LINE_MISSED,LINE_COVERED,COMPLEXITY_MISSED,COMPLEXITY_COVERED,METHOD_MISSED,METHOD_COVERED
PLC4J: Driver: S7,org.apache.plc4x.java.s7.connection,S7PlcConnection.new ChannelInitializer() {...},98,0,0,0,8,0,2,0,2,0
PLC4J: Driver: S7,org.apache.plc4x.java.s7.connection,S7PlcConnection,193,207,11,14,44,49,15,20,9,12
PLC4J: Driver: S7,org.apache.plc4x.java.s7.connection,S7PlcConnection.1.new ChannelInboundHandlerAdapter() {...},21,0,2,0,5,0,3,0,2,0
PLC4J: Driver: S7,org.apache.plc4x.java.s7,S7PlcDriver,6,66,1,3,0,16,1,7,0,6
