GROUP,PACKAGE,CLASS,INSTRUCTION_MISSED,INSTRUCTION_COVERED,BRANCH_MISSED,BRANCH_COVERED,LINE_MISSED,LINE_COVERED,COMPLEXITY_MISSED,COMPLEXITY_COVERED,METHOD_MISSED,METHOD_COVERED
PLC4J: Driver: Simulated,org.apache.plc4x.java.simulated,SimulatedPlcDriver,34,0,2,0,9,0,6,0,5,0
PLC4J: Driver: Simulated,org.apache.plc4x.java.simulated.connection,TestField,52,73,2,2,8,19,5,5,3,5
PLC4J: Driver: Simulated,org.apache.plc4x.java.simulated.connection,TestType,0,34,0,0,0,4,0,1,0,1
PLC4J: Driver: Simulated,org.apache.plc4x.java.simulated.connection,TestFieldItem,4,4,0,0,1,2,1,1,1,1
PLC4J: Driver: Simulated,org.apache.plc4x.java.simulated.connection,TestFieldHandler,495,0,32,0,62,0,41,0,25,0
PLC4J: Driver: Simulated,org.apache.plc4x.java.simulated.connection,TestDevice,153,106,16,12,24,25,16,5,1,4
PLC4J: Driver: Simulated,org.apache.plc4x.java.simulated.connection,SimulatedPlcConnection,174,0,10,0,40,0,16,0,11,0
