GROUP,PACKAGE,CLASS,INSTRUCTION_MISSED,INSTRUCTION_COVERED,BRANCH_MISSED,BRANCH_COVERED,LINE_MISSED,LINE_COVERED,COMPLEXITY_MISSED,COMPLEXITY_COVERED,METHOD_MISSED,METHOD_COVERED
plc4j-scraper,org.apache.plc4x.java.scraper.config,ScraperConfiguration,16,162,3,7,3,32,2,15,0,12
plc4j-scraper,org.apache.plc4x.java.scraper.config,JobConfigurationBuilder,0,57,0,0,0,14,0,5,0,5
plc4j-scraper,org.apache.plc4x.java.scraper.config,ScraperConfigurationBuilder,0,42,0,0,0,9,0,5,0,5
plc4j-scraper,org.apache.plc4x.java.scraper.config,JobConfiguration,0,27,0,0,0,10,0,5,0,5
plc4j-scraper,org.apache.plc4x.java.scraper,ScrapeJob,0,27,0,0,0,10,0,5,0,5
plc4j-scraper,org.apache.plc4x.java.scraper,Scraper,10,327,1,5,2,54,2,13,1,11
plc4j-scraper,org.apache.plc4x.java.scraper,ScraperTask,2,302,1,7,1,80,1,21,0,18
plc4j-scraper,org.apache.plc4x.java.scraper.util,PercentageAboveThreshold,29,38,2,2,5,8,4,5,3,4
