GROUP,PACKAGE,CLASS,INSTRUCTION_MISSED,INSTRUCTION_COVERED,BRANCH_MISSED,BRANCH_COVERED,LINE_MISSED,LINE_COVERED,COMPLEXITY_MISSED,COMPLEXITY_COVERED,METHOD_MISSED,METHOD_COVERED
PLC4J: Utils: Connection Pool,org.apache.plc4x.java.utils.connectionpool,PooledPlcDriverManager,24,240,3,11,8,56,4,16,1,12
PLC4J: Utils: Connection Pool,org.apache.plc4x.java.utils.connectionpool,PoolKeyFactory.new PoolKey() {...},16,27,1,1,1,5,1,2,0,2
PLC4J: Utils: Connection Pool,org.apache.plc4x.java.utils.connectionpool,PoolKeyFactory.new PoolKey() {...},16,92,1,1,1,12,1,2,0,2
PLC4J: Utils: Connection Pool,org.apache.plc4x.java.utils.connectionpool,PoolKey,3,85,3,7,1,14,3,8,0,6
PLC4J: Utils: Connection Pool,org.apache.plc4x.java.utils.connectionpool,PoolKeyFactory,16,52,0,4,2,10,0,5,0,2
PLC4J: Utils: Connection Pool,org.apache.plc4x.java.utils.connectionpool,PoolKeyFactory.new PoolKey() {...},16,50,1,1,1,7,1,2,0,2
PLC4J: Utils: Connection Pool,org.apache.plc4x.java.utils.connectionpool,PoolKeyFactory.new PoolKey() {...},0,11,0,0,0,2,0,2,0,2
PLC4J: Utils: Connection Pool,org.apache.plc4x.java.utils.connectionpool,PooledPlcConnectionFactory,0,26,0,0,0,7,0,5,0,5
PLC4J: Utils: Connection Pool,org.apache.plc4x.java.utils.connectionpool,PooledPlcDriverManager.new PooledPlcConnectionFactory() {...},0,35,0,2,0,8,0,3,0,2
