GROUP,PACKAGE,CLASS,INSTRUCTION_MISSED,INSTRUCTION_COVERED,BRANCH_MISSED,BRANCH_COVERED,LINE_MISSED,LINE_COVERED,COMPLEXITY_MISSED,COMPLEXITY_COVERED,METHOD_MISSED,METHOD_COVERED
PLC4J: Protocol: TEST,org.apache.plc4x.java.mock,MockFieldHandler,0,8,0,0,0,2,0,2,0,2
PLC4J: Protocol: TEST,org.apache.plc4x.java.mock,PlcMockConnection,40,34,2,0,10,9,10,5,9,5
PLC4J: Protocol: TEST,org.apache.plc4x.java.mock,PlcMockConnection.new PlcConnectionMetadata() {...},12,0,0,0,4,0,4,0,4,0
PLC4J: Protocol: TEST,org.apache.plc4x.java.mock,PlcMockConnection.new Supplier() {...},0,51,0,0,0,8,0,3,0,3
PLC4J: Protocol: TEST,org.apache.plc4x.java.mock,PlcMockDriver,9,33,1,1,3,6,3,4,2,4
PLC4J: Protocol: TEST,org.apache.plc4x.java.mock,MockField,0,9,0,0,0,4,0,2,0,2
