GROUP,PACKAGE,CLASS,INSTRUCTION_MISSED,INSTRUCTION_COVERED,BRANCH_MISSED,BRANCH_COVERED,LINE_MISSED,LINE_COVERED,COMPLEXITY_MISSED,COMPLEXITY_COVERED,METHOD_MISSED,METHOD_COVERED
Integrations: Apache Camel,org.apache.plc4x.camel,Plc4XPollingConsumer,155,0,4,0,43,0,15,0,13,0
Integrations: Apache Camel,org.apache.plc4x.camel,Plc4XComponent,0,26,0,0,0,7,0,3,0,3
Integrations: Apache Camel,org.apache.plc4x.camel,Plc4XProducer,14,168,1,7,1,48,1,7,0,4
Integrations: Apache Camel,org.apache.plc4x.camel,Constants,0,7,0,0,0,2,0,1,0,1
Integrations: Apache Camel,org.apache.plc4x.camel,Plc4XConsumer,66,87,4,0,19,21,7,5,5,5
Integrations: Apache Camel,org.apache.plc4x.camel,Plc4XEndpoint,36,93,9,5,6,23,6,15,1,13
